<?xml version="1.0" encoding="UTF-8"?>
<!-- Generated by org.testng.reporters.JUnitReportReporter -->
<testsuite hostname="DESKTOP-2OBHBAO" failures="0" tests="1" name="testCases.Test3CorporateWellness" time="54.227" errors="0" timestamp="2021-07-25T22:22:23 IST" skipped="0">
  <testcase classname="testCases.Test3CorporateWellness" name="setCorporateWellnessForm" time="54.227"/>
  <system-out/>
</testsuite> <!-- testCases.Test3CorporateWellness -->
