<?xml version="1.0" encoding="UTF-8"?>
<!-- Generated by org.testng.reporters.JUnitReportReporter -->
<testsuite hostname="DESKTOP-2OBHBAO" failures="0" tests="1" name="testCases.Test1SearchHospitals" time="41.516" errors="0" timestamp="2021-07-25T22:22:23 IST" skipped="0">
  <testcase classname="testCases.Test1SearchHospitals" name="search" time="41.516"/>
  <system-out/>
</testsuite> <!-- testCases.Test1SearchHospitals -->
