<?xml version="1.0" encoding="UTF-8"?>
<!-- Generated by org.testng.reporters.JUnitReportReporter -->
<testsuite hostname="DESKTOP-2OBHBAO" failures="0" tests="1" name="testCases.TS1_SearchHospitals" time="59.977" errors="0" timestamp="2021-07-22T09:55:28 IST" skipped="0">
  <testcase classname="testCases.TS1_SearchHospitals" name="search" time="59.977"/>
  <system-out/>
</testsuite> <!-- testCases.TS1_SearchHospitals -->
