<?xml version="1.0" encoding="UTF-8"?>
<!-- Generated by org.testng.reporters.JUnitReportReporter -->
<testsuite hostname="LAPTOP-3T3LUABK" failures="0" tests="1" name="testCases.Test1SearchHospitals" time="41.445" errors="0" timestamp="2021-07-26T12:13:53 IST" skipped="0">
  <testcase classname="testCases.Test1SearchHospitals" name="search" time="41.445"/>
  <system-out/>
</testsuite> <!-- testCases.Test1SearchHospitals -->
